<?xml version="1.0" encoding="UTF-8"?>
<testsuite xmlns:xsi="http://www.w3.org/2001/XMLSchema-instance" xsi:noNamespaceSchemaLocation="https://maven.apache.org/surefire/maven-surefire-plugin/xsd/surefire-test-report-3.0.xsd" version="3.0" name="br.upe.garanhus.esw.pweb.atividade_exec02.AppTest" time="0.016" tests="1" errors="0" skipped="0" failures="0">
  <properties>
    <property name="java.specification.version" value="17"/>
    <property name="sun.cpu.isalist" value="amd64"/>
    <property name="sun.jnu.encoding" value="Cp1252"/>
    <property name="java.class.path" value="C:\Users\jonas\eclipse-workspace\atividade-exec02\target\test-classes;C:\Users\jonas\eclipse-workspace\atividade-exec02\target\classes;C:\Users\jonas\.m2\repository\junit\junit\3.8.1\junit-3.8.1.jar;C:\Users\jonas\.m2\repository\javax\servlet\servlet-api\2.5\servlet-api-2.5.jar;C:\Users\jonas\.m2\repository\jakarta\json\jakarta.json-api\2.1.1\jakarta.json-api-2.1.1.jar;C:\Users\jonas\.m2\repository\javax\json\javax.json-api\1.1.4\javax.json-api-1.1.4.jar;C:\Users\jonas\.m2\repository\org\eclipse\yasson\3.0.3\yasson-3.0.3.jar;C:\Users\jonas\.m2\repository\jakarta\json\bind\jakarta.json.bind-api\3.0.0\jakarta.json.bind-api-3.0.0.jar;C:\Users\jonas\.m2\repository\org\eclipse\parsson\parsson\1.1.0\parsson-1.1.0.jar;C:\Users\jonas\.m2\repository\org\glassfish\javax.json\1.1.4\javax.json-1.1.4.jar;"/>
    <property name="java.vm.vendor" value="Oracle Corporation"/>
    <property name="sun.arch.data.model" value="64"/>
    <property name="user.variant" value=""/>
    <property name="java.vendor.url" value="https://java.oracle.com/"/>
    <property name="user.timezone" value="America/Fortaleza"/>
    <property name="os.name" value="Windows 11"/>
    <property name="java.vm.specification.version" value="17"/>
    <property name="sun.java.launcher" value="SUN_STANDARD"/>
    <property name="user.country" value="BR"/>
    <property name="sun.boot.library.path" value="C:\Program Files\Java\jdk-17\bin"/>
    <property name="sun.java.command" value="C:\Users\jonas\AppData\Local\Temp\surefire6163914452596967553\surefirebooter-20231026152248557_3.jar C:\Users\jonas\AppData\Local\Temp\surefire6163914452596967553 2023-10-26T15-22-48_408-jvmRun1 surefire-20231026152248557_1tmp surefire_0-20231026152248557_2tmp"/>
    <property name="jdk.debug" value="release"/>
    <property name="surefire.test.class.path" value="C:\Users\jonas\eclipse-workspace\atividade-exec02\target\test-classes;C:\Users\jonas\eclipse-workspace\atividade-exec02\target\classes;C:\Users\jonas\.m2\repository\junit\junit\3.8.1\junit-3.8.1.jar;C:\Users\jonas\.m2\repository\javax\servlet\servlet-api\2.5\servlet-api-2.5.jar;C:\Users\jonas\.m2\repository\jakarta\json\jakarta.json-api\2.1.1\jakarta.json-api-2.1.1.jar;C:\Users\jonas\.m2\repository\javax\json\javax.json-api\1.1.4\javax.json-api-1.1.4.jar;C:\Users\jonas\.m2\repository\org\eclipse\yasson\3.0.3\yasson-3.0.3.jar;C:\Users\jonas\.m2\repository\jakarta\json\bind\jakarta.json.bind-api\3.0.0\jakarta.json.bind-api-3.0.0.jar;C:\Users\jonas\.m2\repository\org\eclipse\parsson\parsson\1.1.0\parsson-1.1.0.jar;C:\Users\jonas\.m2\repository\org\glassfish\javax.json\1.1.4\javax.json-1.1.4.jar;"/>
    <property name="sun.cpu.endian" value="little"/>
    <property name="user.home" value="C:\Users\jonas"/>
    <property name="user.language" value="pt"/>
    <property name="java.specification.vendor" value="Oracle Corporation"/>
    <property name="java.version.date" value="2023-04-18"/>
    <property name="java.home" value="C:\Program Files\Java\jdk-17"/>
    <property name="file.separator" value="\"/>
    <property name="basedir" value="C:\Users\jonas\eclipse-workspace\atividade-exec02"/>
    <property name="java.vm.compressedOopsMode" value="32-bit"/>
    <property name="line.separator" value="&#10;"/>
    <property name="java.vm.specification.vendor" value="Oracle Corporation"/>
    <property name="java.specification.name" value="Java Platform API Specification"/>
    <property name="surefire.real.class.path" value="C:\Users\jonas\AppData\Local\Temp\surefire6163914452596967553\surefirebooter-20231026152248557_3.jar"/>
    <property name="user.script" value=""/>
    <property name="sun.management.compiler" value="HotSpot 64-Bit Tiered Compilers"/>
    <property name="java.runtime.version" value="17.0.7+8-LTS-224"/>
    <property name="user.name" value="jonas"/>
    <property name="path.separator" value=";"/>
    <property name="os.version" value="10.0"/>
    <property name="java.runtime.name" value="Java(TM) SE Runtime Environment"/>
    <property name="file.encoding" value="Cp1252"/>
    <property name="java.vm.name" value="Java HotSpot(TM) 64-Bit Server VM"/>
    <property name="localRepository" value="C:\Users\jonas\.m2\repository"/>
    <property name="java.vendor.url.bug" value="https://bugreport.java.com/bugreport/"/>
    <property name="java.io.tmpdir" value="C:\Users\jonas\AppData\Local\Temp\"/>
    <property name="java.version" value="17.0.7"/>
    <property name="user.dir" value="C:\Users\jonas\eclipse-workspace\atividade-exec02"/>
    <property name="os.arch" value="amd64"/>
    <property name="java.vm.specification.name" value="Java Virtual Machine Specification"/>
    <property name="sun.os.patch.level" value=""/>
    <property name="native.encoding" value="Cp1252"/>
    <property name="java.library.path" value="C:\Program Files\Java\jdk-17\bin;C:\Windows\Sun\Java\bin;C:\Windows\system32;C:\Windows;C:\Program Files\Common Files\Oracle\Java\javapath;C:\Windows\system32;C:\Windows;C:\Windows\System32\Wbem;C:\Windows\System32\WindowsPowerShell\v1.0\;C:\Windows\System32\OpenSSH\;C:\Program Files\Git\cmd;C:\xampp\php;C:\ProgramData\ComposerSetup\bin;C:\Program Files\nodejs\;C:\xampp\mysql\bin;C:\Dev\apache-maven-3.9.2\bin;C:\Users\jonas\AppData\Local\Microsoft\WindowsApps;;C:\Users\jonas\AppData\Local\Programs\Microsoft VS Code\bin;C:\Users\jonas\AppData\Roaming\Composer\vendor\bin;C:\Users\jonas\AppData\Roaming\npm;C:\Program Files\JetBrains\IntelliJ IDEA Community Edition 2023.1.3\bin;;."/>
    <property name="java.vm.info" value="mixed mode, sharing"/>
    <property name="java.vendor" value="Oracle Corporation"/>
    <property name="java.vm.version" value="17.0.7+8-LTS-224"/>
    <property name="sun.io.unicode.encoding" value="UnicodeLittle"/>
    <property name="java.class.version" value="61.0"/>
  </properties>
  <testcase name="testApp" classname="br.upe.garanhus.esw.pweb.atividade_exec02.AppTest" time="0.001"/>
</testsuite>